[2023-11-26 08:53:13,173: INFO: main: Welcome to logging..]
[2023-12-03 16:00:38,777: INFO: common: yaml file: config\config.yaml loaded successfully]
[2023-12-03 16:00:38,780: INFO: common: yaml file: params.yaml loaded successfully]
[2023-12-03 16:00:38,780: INFO: common: yaml file: schema.yaml loaded successfully]
[2023-12-03 16:00:38,790: INFO: common: created directory at: artifacts]
[2023-12-03 16:00:38,794: INFO: common: created directory at: artifacts/data_ingestion]
[2023-12-03 16:00:40,893: INFO: 2366278714: artifacts/data_ingestion/data.zip download! with following info: 
Connection: close
Content-Length: 23329
Cache-Control: max-age=300
Content-Security-Policy: default-src 'none'; style-src 'unsafe-inline'; sandbox
Content-Type: application/zip
ETag: "c69888a4ae59bc5a893392785a938ccd4937981c06ba8a9d6a21aa52b4ab5b6e"
Strict-Transport-Security: max-age=31536000
X-Content-Type-Options: nosniff
X-Frame-Options: deny
X-XSS-Protection: 1; mode=block
X-GitHub-Request-Id: 4FA2:2133:40FBB0:54E3E0:656C58CE
Accept-Ranges: bytes
Date: Sun, 03 Dec 2023 10:30:40 GMT
Via: 1.1 varnish
X-Served-By: cache-maa10241-MAA
X-Cache: MISS
X-Cache-Hits: 0
X-Timer: S1701599439.417865,VS0,VE763
Vary: Authorization,Accept-Encoding,Origin
Access-Control-Allow-Origin: *
Cross-Origin-Resource-Policy: cross-origin
X-Fastly-Request-ID: ddab54716f5d36da69bc353f81fcdc04b303d969
Expires: Sun, 03 Dec 2023 10:35:40 GMT
Source-Age: 0

]
[2023-12-03 16:01:02,523: INFO: common: yaml file: config\config.yaml loaded successfully]
[2023-12-03 16:01:02,528: INFO: common: yaml file: params.yaml loaded successfully]
[2023-12-03 16:01:02,534: INFO: common: yaml file: schema.yaml loaded successfully]
[2023-12-03 16:01:02,539: INFO: common: created directory at: artifacts]
[2023-12-03 16:01:02,543: INFO: common: created directory at: artifacts/data_ingestion]
[2023-12-03 16:01:02,548: INFO: 2366278714: File already exists of size: ~ 23 KB]
[2023-12-03 16:37:56,554: INFO: main: >>>>>> stage Data Ingestion stage started <<<<<<]
[2023-12-03 16:37:56,557: INFO: common: yaml file: config\config.yaml loaded successfully]
[2023-12-03 16:37:56,560: INFO: common: yaml file: params.yaml loaded successfully]
[2023-12-03 16:37:56,562: INFO: common: yaml file: schema.yaml loaded successfully]
[2023-12-03 16:37:56,563: INFO: common: created directory at: artifacts]
[2023-12-03 16:37:56,564: INFO: common: created directory at: artifacts/data_ingestion]
[2023-12-03 16:37:58,563: INFO: data_ingestion: artifacts/data_ingestion/data.zip download! with following info: 
Connection: close
Content-Length: 23329
Cache-Control: max-age=300
Content-Security-Policy: default-src 'none'; style-src 'unsafe-inline'; sandbox
Content-Type: application/zip
ETag: "c69888a4ae59bc5a893392785a938ccd4937981c06ba8a9d6a21aa52b4ab5b6e"
Strict-Transport-Security: max-age=31536000
X-Content-Type-Options: nosniff
X-Frame-Options: deny
X-XSS-Protection: 1; mode=block
X-GitHub-Request-Id: 4FA2:2133:40FBB0:54E3E0:656C58CE
Accept-Ranges: bytes
Date: Sun, 03 Dec 2023 11:07:57 GMT
Via: 1.1 varnish
X-Served-By: cache-maa10220-MAA
X-Cache: HIT
X-Cache-Hits: 1
X-Timer: S1701601677.498766,VS0,VE354
Vary: Authorization,Accept-Encoding,Origin
Access-Control-Allow-Origin: *
Cross-Origin-Resource-Policy: cross-origin
X-Fastly-Request-ID: 13b78cef9300b221fe034c08e71205c374d29b0a
Expires: Sun, 03 Dec 2023 11:12:57 GMT
Source-Age: 0

]
[2023-12-03 16:37:58,596: INFO: main: >>>>>> stage Data Ingestion stage completed <<<<<<

x==========x]
[2023-12-03 17:00:13,988: INFO: main: >>>>>> stage Data Ingestion stage started <<<<<<]
[2023-12-03 17:00:14,005: INFO: common: yaml file: config\config.yaml loaded successfully]
[2023-12-03 17:00:14,007: INFO: common: yaml file: params.yaml loaded successfully]
[2023-12-03 17:00:14,009: INFO: common: yaml file: schema.yaml loaded successfully]
[2023-12-03 17:00:14,011: INFO: common: created directory at: artifacts]
[2023-12-03 17:00:14,011: INFO: common: created directory at: artifacts/data_ingestion]
[2023-12-03 17:00:15,940: INFO: data_ingestion: artifacts/data_ingestion/data.zip download! with following info: 
Connection: close
Content-Length: 23329
Cache-Control: max-age=300
Content-Security-Policy: default-src 'none'; style-src 'unsafe-inline'; sandbox
Content-Type: application/zip
ETag: "c69888a4ae59bc5a893392785a938ccd4937981c06ba8a9d6a21aa52b4ab5b6e"
Strict-Transport-Security: max-age=31536000
X-Content-Type-Options: nosniff
X-Frame-Options: deny
X-XSS-Protection: 1; mode=block
X-GitHub-Request-Id: 6E0E:0B0B:9B63E5:C03A28:656C66C6
Accept-Ranges: bytes
Date: Sun, 03 Dec 2023 11:30:15 GMT
Via: 1.1 varnish
X-Served-By: cache-maa10237-MAA
X-Cache: MISS
X-Cache-Hits: 0
X-Timer: S1701603015.604969,VS0,VE647
Vary: Authorization,Accept-Encoding,Origin
Access-Control-Allow-Origin: *
Cross-Origin-Resource-Policy: cross-origin
X-Fastly-Request-ID: e09aa983c2d229c0ae05a1e41cbe7acd179c2015
Expires: Sun, 03 Dec 2023 11:35:15 GMT
Source-Age: 0

]
[2023-12-03 17:00:15,990: INFO: main: >>>>>> stage Data Ingestion stage completed <<<<<<

x==========x]
[2023-12-03 17:14:10,272: INFO: common: yaml file: config\config.yaml loaded successfully]
[2023-12-03 17:14:10,273: INFO: common: yaml file: params.yaml loaded successfully]
[2023-12-03 17:14:10,290: INFO: common: yaml file: schema.yaml loaded successfully]
[2023-12-03 17:14:10,294: INFO: common: created directory at: artifacts]
[2023-12-03 17:14:10,298: INFO: common: created directory at: artifacts/data_validation]
[2023-12-03 17:42:24,752: INFO: main: >>>>>> stage Data Ingestion stage started <<<<<<]
[2023-12-03 17:42:24,752: INFO: common: yaml file: config\config.yaml loaded successfully]
[2023-12-03 17:42:24,752: INFO: common: yaml file: params.yaml loaded successfully]
[2023-12-03 17:42:24,761: INFO: common: yaml file: schema.yaml loaded successfully]
[2023-12-03 17:42:24,769: INFO: common: created directory at: artifacts]
[2023-12-03 17:42:24,771: INFO: common: created directory at: artifacts/data_ingestion]
[2023-12-03 17:42:26,596: INFO: data_ingestion: artifacts/data_ingestion/data.zip download! with following info: 
Connection: close
Content-Length: 23329
Cache-Control: max-age=300
Content-Security-Policy: default-src 'none'; style-src 'unsafe-inline'; sandbox
Content-Type: application/zip
ETag: "c69888a4ae59bc5a893392785a938ccd4937981c06ba8a9d6a21aa52b4ab5b6e"
Strict-Transport-Security: max-age=31536000
X-Content-Type-Options: nosniff
X-Frame-Options: deny
X-XSS-Protection: 1; mode=block
X-GitHub-Request-Id: 6E0E:0B0B:9B63E5:C03A28:656C66C6
Accept-Ranges: bytes
Date: Sun, 03 Dec 2023 12:12:25 GMT
Via: 1.1 varnish
X-Served-By: cache-maa10226-MAA
X-Cache: HIT
X-Cache-Hits: 1
X-Timer: S1701605546.586327,VS0,VE332
Vary: Authorization,Accept-Encoding,Origin
Access-Control-Allow-Origin: *
Cross-Origin-Resource-Policy: cross-origin
X-Fastly-Request-ID: de47788b38726b04f6065f5224edc41917325525
Expires: Sun, 03 Dec 2023 12:17:25 GMT
Source-Age: 0

]
[2023-12-03 17:42:26,640: INFO: main: >>>>>> stage Data Ingestion stage completed <<<<<<

x==========x]
[2023-12-03 17:42:26,641: INFO: main: >>>>>> stage Data Validation stage started <<<<<<]
[2023-12-03 17:42:26,646: INFO: common: yaml file: config\config.yaml loaded successfully]
[2023-12-03 17:42:26,648: INFO: common: yaml file: params.yaml loaded successfully]
[2023-12-03 17:42:26,648: INFO: common: yaml file: schema.yaml loaded successfully]
[2023-12-03 17:42:26,648: INFO: common: created directory at: artifacts]
[2023-12-03 17:42:26,665: INFO: common: created directory at: artifacts/data_validation]
[2023-12-03 17:42:26,665: ERROR: main: name 'pd' is not defined]
Traceback (most recent call last):
  File "D:\ML_Projects\End-to-End-ML-Project-with-MLOps\main.py", line 23, in <module>
    data_ingestion.main()
  File "d:\ml_projects\end-to-end-ml-project-with-mlops\src\mlProject\pipeline\stage_02_data_validation.py", line 16, in main
    data_validation.validate_all_columns()
  File "d:\ml_projects\end-to-end-ml-project-with-mlops\src\mlProject\components\data_validation.py", line 31, in validate_all_columns
    raise e
  File "d:\ml_projects\end-to-end-ml-project-with-mlops\src\mlProject\components\data_validation.py", line 12, in validate_all_columns
    data = pd.read_csv(self.config.unzip_data_dir)
NameError: name 'pd' is not defined
[2023-12-03 17:44:30,464: INFO: main: >>>>>> stage Data Ingestion stage started <<<<<<]
[2023-12-03 17:44:30,480: INFO: common: yaml file: config\config.yaml loaded successfully]
[2023-12-03 17:44:30,480: INFO: common: yaml file: params.yaml loaded successfully]
[2023-12-03 17:44:30,480: INFO: common: yaml file: schema.yaml loaded successfully]
[2023-12-03 17:44:30,480: INFO: common: created directory at: artifacts]
[2023-12-03 17:44:30,485: INFO: common: created directory at: artifacts/data_ingestion]
[2023-12-03 17:44:31,557: INFO: data_ingestion: artifacts/data_ingestion/data.zip download! with following info: 
Connection: close
Content-Length: 23329
Cache-Control: max-age=300
Content-Security-Policy: default-src 'none'; style-src 'unsafe-inline'; sandbox
Content-Type: application/zip
ETag: "c69888a4ae59bc5a893392785a938ccd4937981c06ba8a9d6a21aa52b4ab5b6e"
Strict-Transport-Security: max-age=31536000
X-Content-Type-Options: nosniff
X-Frame-Options: deny
X-XSS-Protection: 1; mode=block
X-GitHub-Request-Id: 6E0E:0B0B:9B63E5:C03A28:656C66C6
Accept-Ranges: bytes
Date: Sun, 03 Dec 2023 12:14:30 GMT
Via: 1.1 varnish
X-Served-By: cache-maa10241-MAA
X-Cache: HIT
X-Cache-Hits: 1
X-Timer: S1701605671.879692,VS0,VE1
Vary: Authorization,Accept-Encoding,Origin
Access-Control-Allow-Origin: *
Cross-Origin-Resource-Policy: cross-origin
X-Fastly-Request-ID: b1f10847b1349bbef3ab684d20cf53ba38052ac2
Expires: Sun, 03 Dec 2023 12:19:30 GMT
Source-Age: 125

]
[2023-12-03 17:44:31,597: INFO: main: >>>>>> stage Data Ingestion stage completed <<<<<<

x==========x]
[2023-12-03 17:44:31,598: INFO: main: >>>>>> stage Data Validation stage started <<<<<<]
[2023-12-03 17:44:31,604: INFO: common: yaml file: config\config.yaml loaded successfully]
[2023-12-03 17:44:31,605: INFO: common: yaml file: params.yaml loaded successfully]
[2023-12-03 17:44:31,615: INFO: common: yaml file: schema.yaml loaded successfully]
[2023-12-03 17:44:31,616: INFO: common: created directory at: artifacts]
[2023-12-03 17:44:31,617: INFO: common: created directory at: artifacts/data_validation]
[2023-12-03 17:44:31,687: INFO: main: >>>>>> stage Data Validation stage completed <<<<<<

x==========x]
[2023-12-03 17:56:19,420: INFO: common: yaml file: config\config.yaml loaded successfully]
[2023-12-03 17:56:19,424: INFO: common: yaml file: params.yaml loaded successfully]
[2023-12-03 17:56:19,431: INFO: common: yaml file: schema.yaml loaded successfully]
[2023-12-03 17:56:19,432: INFO: common: created directory at: artifacts]
[2023-12-03 17:56:19,432: INFO: common: created directory at: artifacts/data_transformation]
[2023-12-03 17:56:19,482: INFO: 741865018: Splited data into training and test sets]
[2023-12-03 17:56:19,483: INFO: 741865018: (1199, 12)]
[2023-12-03 17:56:19,486: INFO: 741865018: (400, 12)]
[2023-12-03 18:02:59,182: INFO: main: >>>>>> stage Data Ingestion stage started <<<<<<]
[2023-12-03 18:02:59,200: INFO: common: yaml file: config\config.yaml loaded successfully]
[2023-12-03 18:02:59,204: INFO: common: yaml file: params.yaml loaded successfully]
[2023-12-03 18:02:59,208: INFO: common: yaml file: schema.yaml loaded successfully]
[2023-12-03 18:02:59,212: INFO: common: created directory at: artifacts]
[2023-12-03 18:02:59,213: INFO: common: created directory at: artifacts/data_ingestion]
[2023-12-03 18:03:01,938: INFO: data_ingestion: artifacts/data_ingestion/data.zip download! with following info: 
Connection: close
Content-Length: 23329
Cache-Control: max-age=300
Content-Security-Policy: default-src 'none'; style-src 'unsafe-inline'; sandbox
Content-Type: application/zip
ETag: "c69888a4ae59bc5a893392785a938ccd4937981c06ba8a9d6a21aa52b4ab5b6e"
Strict-Transport-Security: max-age=31536000
X-Content-Type-Options: nosniff
X-Frame-Options: deny
X-XSS-Protection: 1; mode=block
X-GitHub-Request-Id: 6E0E:0B0B:9B63E5:C03A28:656C66C6
Accept-Ranges: bytes
Date: Sun, 03 Dec 2023 12:33:01 GMT
Via: 1.1 varnish
X-Served-By: cache-maa10251-MAA
X-Cache: HIT
X-Cache-Hits: 1
X-Timer: S1701606780.153538,VS0,VE1099
Vary: Authorization,Accept-Encoding,Origin
Access-Control-Allow-Origin: *
Cross-Origin-Resource-Policy: cross-origin
X-Fastly-Request-ID: 605170dda341fc02c70e76e0caa1e12668af9404
Expires: Sun, 03 Dec 2023 12:38:01 GMT
Source-Age: 0

]
[2023-12-03 18:03:01,981: INFO: main: >>>>>> stage Data Ingestion stage completed <<<<<<

x==========x]
[2023-12-03 18:03:01,983: INFO: main: >>>>>> stage Data Validation stage started <<<<<<]
[2023-12-03 18:03:01,989: INFO: common: yaml file: config\config.yaml loaded successfully]
[2023-12-03 18:03:01,993: INFO: common: yaml file: params.yaml loaded successfully]
[2023-12-03 18:03:01,999: INFO: common: yaml file: schema.yaml loaded successfully]
[2023-12-03 18:03:02,002: INFO: common: created directory at: artifacts]
[2023-12-03 18:03:02,004: INFO: common: created directory at: artifacts/data_validation]
[2023-12-03 18:03:02,055: INFO: main: >>>>>> stage Data Validation stage completed <<<<<<

x==========x]
[2023-12-03 18:03:02,055: INFO: main: >>>>>> stage Data Transformation stage started <<<<<<]
[2023-12-03 18:03:02,075: INFO: common: yaml file: config\config.yaml loaded successfully]
[2023-12-03 18:03:02,077: INFO: common: yaml file: params.yaml loaded successfully]
[2023-12-03 18:03:02,085: INFO: common: yaml file: schema.yaml loaded successfully]
[2023-12-03 18:03:02,088: INFO: common: created directory at: artifacts]
[2023-12-03 18:03:02,090: INFO: common: created directory at: artifacts/data_transformation]
[2023-12-03 18:03:02,138: INFO: data_transformation: Splited data into training and test sets]
[2023-12-03 18:03:02,138: INFO: data_transformation: (1199, 12)]
[2023-12-03 18:03:02,150: INFO: data_transformation: (400, 12)]
[2023-12-03 18:03:02,151: INFO: main: >>>>>> stage Data Transformation stage completed <<<<<<

x==========x]
[2023-12-03 18:28:18,840: INFO: common: yaml file: config\config.yaml loaded successfully]
[2023-12-03 18:28:18,847: INFO: common: yaml file: params.yaml loaded successfully]
[2023-12-03 18:28:18,855: INFO: common: yaml file: schema.yaml loaded successfully]
[2023-12-03 18:28:18,860: INFO: common: created directory at: artifacts]
[2023-12-03 18:30:55,957: INFO: common: yaml file: config\config.yaml loaded successfully]
[2023-12-03 18:30:55,962: INFO: common: yaml file: params.yaml loaded successfully]
[2023-12-03 18:30:55,969: INFO: common: yaml file: schema.yaml loaded successfully]
[2023-12-03 18:30:55,975: INFO: common: created directory at: artifacts]
[2023-12-03 18:30:55,979: INFO: common: created directory at: artifacts/model_trainer]
[2023-12-03 18:55:35,180: INFO: main: >>>>>> stage Data Ingestion stage started <<<<<<]
[2023-12-03 18:55:35,180: INFO: common: yaml file: config\config.yaml loaded successfully]
[2023-12-03 18:55:35,180: INFO: common: yaml file: params.yaml loaded successfully]
[2023-12-03 18:55:35,198: INFO: common: yaml file: schema.yaml loaded successfully]
[2023-12-03 18:55:35,198: INFO: common: created directory at: artifacts]
[2023-12-03 18:55:35,198: INFO: common: created directory at: artifacts/data_ingestion]
[2023-12-03 18:55:37,105: INFO: data_ingestion: artifacts/data_ingestion/data.zip download! with following info: 
Connection: close
Content-Length: 23329
Cache-Control: max-age=300
Content-Security-Policy: default-src 'none'; style-src 'unsafe-inline'; sandbox
Content-Type: application/zip
ETag: "c69888a4ae59bc5a893392785a938ccd4937981c06ba8a9d6a21aa52b4ab5b6e"
Strict-Transport-Security: max-age=31536000
X-Content-Type-Options: nosniff
X-Frame-Options: deny
X-XSS-Protection: 1; mode=block
X-GitHub-Request-Id: 6E0E:0B0B:9B63E5:C03A28:656C66C6
Accept-Ranges: bytes
Date: Sun, 03 Dec 2023 13:25:36 GMT
Via: 1.1 varnish
X-Served-By: cache-maa10242-MAA
X-Cache: HIT
X-Cache-Hits: 1
X-Timer: S1701609936.044573,VS0,VE392
Vary: Authorization,Accept-Encoding,Origin
Access-Control-Allow-Origin: *
Cross-Origin-Resource-Policy: cross-origin
X-Fastly-Request-ID: a384b2e92fcf21032325f07b410427815ec120db
Expires: Sun, 03 Dec 2023 13:30:36 GMT
Source-Age: 0

]
[2023-12-03 18:55:37,158: INFO: main: >>>>>> stage Data Ingestion stage completed <<<<<<

x==========x]
[2023-12-03 18:55:37,160: INFO: main: >>>>>> stage Data Validation stage started <<<<<<]
[2023-12-03 18:55:37,162: INFO: common: yaml file: config\config.yaml loaded successfully]
[2023-12-03 18:55:37,170: INFO: common: yaml file: params.yaml loaded successfully]
[2023-12-03 18:55:37,176: INFO: common: yaml file: schema.yaml loaded successfully]
[2023-12-03 18:55:37,179: INFO: common: created directory at: artifacts]
[2023-12-03 18:55:37,180: INFO: common: created directory at: artifacts/data_validation]
[2023-12-03 18:55:37,228: INFO: main: >>>>>> stage Data Validation stage completed <<<<<<

x==========x]
[2023-12-03 18:55:37,228: INFO: main: >>>>>> stage Data Transformation stage started <<<<<<]
[2023-12-03 18:55:37,240: INFO: common: yaml file: config\config.yaml loaded successfully]
[2023-12-03 18:55:37,245: INFO: common: yaml file: params.yaml loaded successfully]
[2023-12-03 18:55:37,251: INFO: common: yaml file: schema.yaml loaded successfully]
[2023-12-03 18:55:37,251: INFO: common: created directory at: artifacts]
[2023-12-03 18:55:37,257: INFO: common: created directory at: artifacts/data_transformation]
[2023-12-03 18:55:37,307: INFO: data_transformation: Splited data into training and test sets]
[2023-12-03 18:55:37,308: INFO: data_transformation: (1199, 12)]
[2023-12-03 18:55:37,309: INFO: data_transformation: (400, 12)]
[2023-12-03 18:55:37,310: INFO: main: >>>>>> stage Data Transformation stage completed <<<<<<

x==========x]
[2023-12-03 18:55:37,310: INFO: main: >>>>>> stage Model Trainer stage started <<<<<<]
[2023-12-03 18:55:37,310: INFO: common: yaml file: config\config.yaml loaded successfully]
[2023-12-03 18:55:37,310: INFO: common: yaml file: params.yaml loaded successfully]
[2023-12-03 18:55:37,319: INFO: common: yaml file: schema.yaml loaded successfully]
[2023-12-03 18:55:37,320: INFO: common: created directory at: artifacts]
[2023-12-03 18:55:37,321: INFO: common: created directory at: artifacts/model_trainer]
[2023-12-03 18:55:37,385: INFO: main: >>>>>> stage Model Trainer stage completed <<<<<<

x==========x]
